{"/Users/denisseleiva/Desktop/MojoDojoCasaHouse-Backend/src/app.js": {"path":"/Users/denisseleiva/Desktop/MojoDojoCasaHouse-Backend/src/app.js","statementMap":{"0":{"start":{"line":1,"column":0},"end":{"line":1,"column":27}},"1":{"start":{"line":2,"column":16},"end":{"line":2,"column":34}},"2":{"start":{"line":3,"column":13},"end":{"line":3,"column":28}},"3":{"start":{"line":4,"column":11},"end":{"line":4,"column":24}},"4":{"start":{"line":5,"column":0},"end":{"line":5,"column":23}},"5":{"start":{"line":7,"column":12},"end":{"line":7,"column":21}},"6":{"start":{"line":8,"column":15},"end":{"line":8,"column":40}},"7":{"start":{"line":10,"column":0},"end":{"line":13,"column":4}},"8":{"start":{"line":15,"column":0},"end":{"line":15,"column":41}},"9":{"start":{"line":16,"column":0},"end":{"line":16,"column":15}},"10":{"start":{"line":19,"column":0},"end":{"line":19,"column":21}}},"fnMap":{},"branchMap":{},"s":{"0":1,"1":1,"2":1,"3":1,"4":1,"5":1,"6":1,"7":1,"8":1,"9":1,"10":1},"f":{},"b":{},"_coverageSchema":"1a1c01bbd47fc00a2c39e90264f33305004495a9","hash":"c4d53d6847d296cf5e62aeb94274e42c0a7eea67"}
,"/Users/denisseleiva/Desktop/MojoDojoCasaHouse-Backend/src/config/db.js": {"path":"/Users/denisseleiva/Desktop/MojoDojoCasaHouse-Backend/src/config/db.js","statementMap":{"0":{"start":{"line":1,"column":22},"end":{"line":1,"column":42}},"1":{"start":{"line":2,"column":20},"end":{"line":2,"column":47}},"2":{"start":{"line":3,"column":18},"end":{"line":3,"column":43}},"3":{"start":{"line":5,"column":0},"end":{"line":5,"column":27}},"4":{"start":{"line":7,"column":20},"end":{"line":7,"column":57}},"5":{"start":{"line":9,"column":18},"end":{"line":15,"column":2}},"6":{"start":{"line":17,"column":11},"end":{"line":17,"column":13}},"7":{"start":{"line":20,"column":0},"end":{"line":20,"column":56}},"8":{"start":{"line":21,"column":0},"end":{"line":21,"column":52}},"9":{"start":{"line":24,"column":0},"end":{"line":28,"column":3}},"10":{"start":{"line":25,"column":2},"end":{"line":27,"column":3}},"11":{"start":{"line":26,"column":4},"end":{"line":26,"column":24}},"12":{"start":{"line":31,"column":0},"end":{"line":31,"column":25}},"13":{"start":{"line":32,"column":0},"end":{"line":32,"column":25}},"14":{"start":{"line":34,"column":0},"end":{"line":34,"column":20}}},"fnMap":{"0":{"name":"(anonymous_0)","decl":{"start":{"line":24,"column":26},"end":{"line":24,"column":27}},"loc":{"start":{"line":24,"column":37},"end":{"line":28,"column":1}},"line":24}},"branchMap":{"0":{"loc":{"start":{"line":7,"column":20},"end":{"line":7,"column":57}},"type":"binary-expr","locations":[{"start":{"line":7,"column":20},"end":{"line":7,"column":40}},{"start":{"line":7,"column":44},"end":{"line":7,"column":57}}],"line":7},"1":{"loc":{"start":{"line":25,"column":2},"end":{"line":27,"column":3}},"type":"if","locations":[{"start":{"line":25,"column":2},"end":{"line":27,"column":3}},{"start":{},"end":{}}],"line":25}},"s":{"0":1,"1":1,"2":1,"3":1,"4":1,"5":1,"6":1,"7":1,"8":1,"9":1,"10":2,"11":2,"12":1,"13":1,"14":1},"f":{"0":2},"b":{"0":[1,0],"1":[2,0]},"_coverageSchema":"1a1c01bbd47fc00a2c39e90264f33305004495a9","hash":"e3c236bf3474c8cbb7c691218cafb3845cfaf235"}
,"/Users/denisseleiva/Desktop/MojoDojoCasaHouse-Backend/src/distanceCalculationsModule/distanceCalculationsModule.js": {"path":"/Users/denisseleiva/Desktop/MojoDojoCasaHouse-Backend/src/distanceCalculationsModule/distanceCalculationsModule.js","statementMap":{"0":{"start":{"line":5,"column":4},"end":{"line":5,"column":53}},"1":{"start":{"line":9,"column":15},"end":{"line":9,"column":17}},"2":{"start":{"line":10,"column":4},"end":{"line":10,"column":49}},"3":{"start":{"line":11,"column":4},"end":{"line":13,"column":5}},"4":{"start":{"line":12,"column":6},"end":{"line":12,"column":52}},"5":{"start":{"line":14,"column":4},"end":{"line":14,"column":16}},"6":{"start":{"line":18,"column":15},"end":{"line":18,"column":17}},"7":{"start":{"line":19,"column":4},"end":{"line":28,"column":7}},"8":{"start":{"line":20,"column":32},"end":{"line":20,"column":59}},"9":{"start":{"line":21,"column":42},"end":{"line":24,"column":7}},"10":{"start":{"line":25,"column":6},"end":{"line":27,"column":7}},"11":{"start":{"line":26,"column":8},"end":{"line":26,"column":26}},"12":{"start":{"line":29,"column":4},"end":{"line":29,"column":16}},"13":{"start":{"line":33,"column":15},"end":{"line":33,"column":17}},"14":{"start":{"line":34,"column":4},"end":{"line":43,"column":7}},"15":{"start":{"line":35,"column":32},"end":{"line":35,"column":59}},"16":{"start":{"line":36,"column":42},"end":{"line":39,"column":7}},"17":{"start":{"line":40,"column":6},"end":{"line":42,"column":7}},"18":{"start":{"line":41,"column":8},"end":{"line":41,"column":26}},"19":{"start":{"line":44,"column":4},"end":{"line":44,"column":16}},"20":{"start":{"line":48,"column":15},"end":{"line":48,"column":28}},"21":{"start":{"line":49,"column":15},"end":{"line":49,"column":28}},"22":{"start":{"line":50,"column":15},"end":{"line":50,"column":29}},"23":{"start":{"line":51,"column":15},"end":{"line":51,"column":29}},"24":{"start":{"line":52,"column":12},"end":{"line":52,"column":16}},"25":{"start":{"line":53,"column":15},"end":{"line":53,"column":46}},"26":{"start":{"line":54,"column":15},"end":{"line":54,"column":46}},"27":{"start":{"line":55,"column":4},"end":{"line":55,"column":36}},"28":{"start":{"line":56,"column":4},"end":{"line":56,"column":36}},"29":{"start":{"line":59,"column":6},"end":{"line":60,"column":79}},"30":{"start":{"line":61,"column":12},"end":{"line":61,"column":58}},"31":{"start":{"line":62,"column":12},"end":{"line":62,"column":17}},"32":{"start":{"line":63,"column":4},"end":{"line":63,"column":13}},"33":{"start":{"line":67,"column":4},"end":{"line":67,"column":35}},"34":{"start":{"line":71,"column":0},"end":{"line":71,"column":44}}},"fnMap":{"0":{"name":"(anonymous_0)","decl":{"start":{"line":2,"column":2},"end":{"line":2,"column":3}},"loc":{"start":{"line":2,"column":16},"end":{"line":2,"column":18}},"line":2},"1":{"name":"(anonymous_1)","decl":{"start":{"line":4,"column":2},"end":{"line":4,"column":3}},"loc":{"start":{"line":4,"column":35},"end":{"line":6,"column":3}},"line":4},"2":{"name":"(anonymous_2)","decl":{"start":{"line":19,"column":20},"end":{"line":19,"column":21}},"loc":{"start":{"line":19,"column":32},"end":{"line":28,"column":5}},"line":19},"3":{"name":"(anonymous_3)","decl":{"start":{"line":34,"column":20},"end":{"line":34,"column":21}},"loc":{"start":{"line":34,"column":32},"end":{"line":43,"column":5}},"line":34}},"branchMap":{"0":{"loc":{"start":{"line":11,"column":4},"end":{"line":13,"column":5}},"type":"if","locations":[{"start":{"line":11,"column":4},"end":{"line":13,"column":5}},{"start":{},"end":{}}],"line":11},"1":{"loc":{"start":{"line":25,"column":6},"end":{"line":27,"column":7}},"type":"if","locations":[{"start":{"line":25,"column":6},"end":{"line":27,"column":7}},{"start":{},"end":{}}],"line":25},"2":{"loc":{"start":{"line":40,"column":6},"end":{"line":42,"column":7}},"type":"if","locations":[{"start":{"line":40,"column":6},"end":{"line":42,"column":7}},{"start":{},"end":{}}],"line":40}},"s":{"0":7,"1":7,"2":7,"3":7,"4":2,"5":7,"6":7,"7":7,"8":57,"9":57,"10":57,"11":13,"12":7,"13":2,"14":2,"15":6,"16":6,"17":6,"18":2,"19":2,"20":63,"21":63,"22":63,"23":63,"24":63,"25":63,"26":63,"27":63,"28":63,"29":63,"30":63,"31":63,"32":63,"33":252,"34":2},"f":{"0":7,"1":7,"2":57,"3":6},"b":{"0":[2,5],"1":[13,44],"2":[2,4]},"_coverageSchema":"1a1c01bbd47fc00a2c39e90264f33305004495a9","hash":"76b48e87ce250411ab69cda902fd1b3679490ed5"}
,"/Users/denisseleiva/Desktop/MojoDojoCasaHouse-Backend/src/models/cinema.js": {"path":"/Users/denisseleiva/Desktop/MojoDojoCasaHouse-Backend/src/models/cinema.js","statementMap":{"0":{"start":{"line":4,"column":4},"end":{"line":4,"column":24}},"1":{"start":{"line":5,"column":0},"end":{"line":29,"column":2}},"2":{"start":{"line":13,"column":6},"end":{"line":16,"column":8}},"3":{"start":{"line":19,"column":2},"end":{"line":27,"column":5}},"4":{"start":{"line":28,"column":2},"end":{"line":28,"column":16}}},"fnMap":{"0":{"name":"(anonymous_0)","decl":{"start":{"line":5,"column":17},"end":{"line":5,"column":18}},"loc":{"start":{"line":5,"column":43},"end":{"line":29,"column":1}},"line":5},"1":{"name":"(anonymous_1)","decl":{"start":{"line":12,"column":4},"end":{"line":12,"column":5}},"loc":{"start":{"line":12,"column":29},"end":{"line":17,"column":5}},"line":12}},"branchMap":{},"s":{"0":1,"1":1,"2":1,"3":1,"4":1},"f":{"0":1,"1":1},"b":{},"_coverageSchema":"1a1c01bbd47fc00a2c39e90264f33305004495a9","hash":"f586f160bd08e8db3ca6aebeedbd3d2612666b02"}
,"/Users/denisseleiva/Desktop/MojoDojoCasaHouse-Backend/src/models/show.js": {"path":"/Users/denisseleiva/Desktop/MojoDojoCasaHouse-Backend/src/models/show.js","statementMap":{"0":{"start":{"line":4,"column":4},"end":{"line":4,"column":24}},"1":{"start":{"line":5,"column":0},"end":{"line":31,"column":2}},"2":{"start":{"line":13,"column":6},"end":{"line":16,"column":8}},"3":{"start":{"line":19,"column":2},"end":{"line":29,"column":5}},"4":{"start":{"line":30,"column":2},"end":{"line":30,"column":14}}},"fnMap":{"0":{"name":"(anonymous_0)","decl":{"start":{"line":5,"column":17},"end":{"line":5,"column":18}},"loc":{"start":{"line":5,"column":43},"end":{"line":31,"column":1}},"line":5},"1":{"name":"(anonymous_1)","decl":{"start":{"line":12,"column":4},"end":{"line":12,"column":5}},"loc":{"start":{"line":12,"column":29},"end":{"line":17,"column":5}},"line":12}},"branchMap":{},"s":{"0":1,"1":1,"2":1,"3":1,"4":1},"f":{"0":1,"1":1},"b":{},"_coverageSchema":"1a1c01bbd47fc00a2c39e90264f33305004495a9","hash":"98cd85ec87eaddc9b7436825b1c040ada50316b7"}
,"/Users/denisseleiva/Desktop/MojoDojoCasaHouse-Backend/src/routes/apiRoutes.routes.js": {"path":"/Users/denisseleiva/Desktop/MojoDojoCasaHouse-Backend/src/routes/apiRoutes.routes.js","statementMap":{"0":{"start":{"line":1,"column":16},"end":{"line":1,"column":34}},"1":{"start":{"line":2,"column":14},"end":{"line":2,"column":30}},"2":{"start":{"line":3,"column":17},"end":{"line":3,"column":41}},"3":{"start":{"line":4,"column":11},"end":{"line":4,"column":37}},"4":{"start":{"line":6,"column":15},"end":{"line":6,"column":31}},"5":{"start":{"line":8,"column":0},"end":{"line":21,"column":5}},"6":{"start":{"line":9,"column":4},"end":{"line":20,"column":5}},"7":{"start":{"line":10,"column":22},"end":{"line":12,"column":8}},"8":{"start":{"line":14,"column":25},"end":{"line":14,"column":86}},"9":{"start":{"line":14,"column":47},"end":{"line":14,"column":85}},"10":{"start":{"line":16,"column":6},"end":{"line":16,"column":27}},"11":{"start":{"line":18,"column":6},"end":{"line":18,"column":64}},"12":{"start":{"line":19,"column":6},"end":{"line":19,"column":68}},"13":{"start":{"line":23,"column":0},"end":{"line":65,"column":3}},"14":{"start":{"line":24,"column":0},"end":{"line":64,"column":1}},"15":{"start":{"line":26,"column":34},"end":{"line":26,"column":87}},"16":{"start":{"line":30,"column":4},"end":{"line":36,"column":6}},"17":{"start":{"line":33,"column":4},"end":{"line":33,"column":54}},"18":{"start":{"line":35,"column":4},"end":{"line":35,"column":55}},"19":{"start":{"line":38,"column":28},"end":{"line":53,"column":5}},"20":{"start":{"line":39,"column":4},"end":{"line":52,"column":6}},"21":{"start":{"line":40,"column":22},"end":{"line":40,"column":45}},"22":{"start":{"line":41,"column":8},"end":{"line":51,"column":9}},"23":{"start":{"line":42,"column":12},"end":{"line":50,"column":15}},"24":{"start":{"line":43,"column":16},"end":{"line":49,"column":17}},"25":{"start":{"line":44,"column":16},"end":{"line":44,"column":57}},"26":{"start":{"line":45,"column":16},"end":{"line":45,"column":73}},"27":{"start":{"line":47,"column":16},"end":{"line":47,"column":78}},"28":{"start":{"line":48,"column":16},"end":{"line":48,"column":63}},"29":{"start":{"line":56,"column":4},"end":{"line":56,"column":39}},"30":{"start":{"line":58,"column":4},"end":{"line":58,"column":59}},"31":{"start":{"line":62,"column":4},"end":{"line":62,"column":72}},"32":{"start":{"line":63,"column":4},"end":{"line":63,"column":63}},"33":{"start":{"line":68,"column":0},"end":{"line":90,"column":3}},"34":{"start":{"line":69,"column":0},"end":{"line":89,"column":1}},"35":{"start":{"line":70,"column":22},"end":{"line":70,"column":30}},"36":{"start":{"line":73,"column":4},"end":{"line":82,"column":7}},"37":{"start":{"line":74,"column":8},"end":{"line":81,"column":11}},"38":{"start":{"line":85,"column":4},"end":{"line":85,"column":75}},"39":{"start":{"line":87,"column":4},"end":{"line":87,"column":64}},"40":{"start":{"line":88,"column":4},"end":{"line":88,"column":66}},"41":{"start":{"line":92,"column":0},"end":{"line":92,"column":24}}},"fnMap":{"0":{"name":"(anonymous_0)","decl":{"start":{"line":8,"column":23},"end":{"line":8,"column":24}},"loc":{"start":{"line":8,"column":43},"end":{"line":21,"column":3}},"line":8},"1":{"name":"(anonymous_1)","decl":{"start":{"line":14,"column":37},"end":{"line":14,"column":38}},"loc":{"start":{"line":14,"column":47},"end":{"line":14,"column":85}},"line":14},"2":{"name":"(anonymous_2)","decl":{"start":{"line":23,"column":23},"end":{"line":23,"column":24}},"loc":{"start":{"line":23,"column":43},"end":{"line":65,"column":1}},"line":23},"3":{"name":"(anonymous_3)","decl":{"start":{"line":32,"column":12},"end":{"line":32,"column":13}},"loc":{"start":{"line":32,"column":31},"end":{"line":34,"column":5}},"line":32},"4":{"name":"(anonymous_4)","decl":{"start":{"line":34,"column":13},"end":{"line":34,"column":14}},"loc":{"start":{"line":34,"column":24},"end":{"line":36,"column":5}},"line":34},"5":{"name":"(anonymous_5)","decl":{"start":{"line":38,"column":44},"end":{"line":38,"column":45}},"loc":{"start":{"line":39,"column":4},"end":{"line":52,"column":6}},"line":39},"6":{"name":"(anonymous_6)","decl":{"start":{"line":39,"column":16},"end":{"line":39,"column":17}},"loc":{"start":{"line":39,"column":37},"end":{"line":52,"column":5}},"line":39},"7":{"name":"(anonymous_7)","decl":{"start":{"line":42,"column":90},"end":{"line":42,"column":91}},"loc":{"start":{"line":42,"column":117},"end":{"line":50,"column":13}},"line":42},"8":{"name":"(anonymous_8)","decl":{"start":{"line":68,"column":23},"end":{"line":68,"column":24}},"loc":{"start":{"line":68,"column":43},"end":{"line":90,"column":1}},"line":68},"9":{"name":"(anonymous_9)","decl":{"start":{"line":73,"column":18},"end":{"line":73,"column":19}},"loc":{"start":{"line":73,"column":35},"end":{"line":82,"column":5}},"line":73}},"branchMap":{"0":{"loc":{"start":{"line":41,"column":8},"end":{"line":51,"column":9}},"type":"if","locations":[{"start":{"line":41,"column":8},"end":{"line":51,"column":9}},{"start":{},"end":{}}],"line":41},"1":{"loc":{"start":{"line":41,"column":12},"end":{"line":41,"column":42}},"type":"binary-expr","locations":[{"start":{"line":41,"column":12},"end":{"line":41,"column":25}},{"start":{"line":41,"column":29},"end":{"line":41,"column":42}}],"line":41},"2":{"loc":{"start":{"line":43,"column":16},"end":{"line":49,"column":17}},"type":"if","locations":[{"start":{"line":43,"column":16},"end":{"line":49,"column":17}},{"start":{"line":46,"column":23},"end":{"line":49,"column":17}}],"line":43}},"s":{"0":1,"1":1,"2":1,"3":1,"4":1,"5":1,"6":0,"7":0,"8":0,"9":0,"10":0,"11":0,"12":0,"13":1,"14":0,"15":0,"16":0,"17":0,"18":0,"19":0,"20":0,"21":0,"22":0,"23":0,"24":0,"25":0,"26":0,"27":0,"28":0,"29":0,"30":0,"31":0,"32":0,"33":1,"34":0,"35":0,"36":0,"37":0,"38":0,"39":0,"40":0,"41":1},"f":{"0":0,"1":0,"2":0,"3":0,"4":0,"5":0,"6":0,"7":0,"8":0,"9":0},"b":{"0":[0,0],"1":[0,0],"2":[0,0]},"_coverageSchema":"1a1c01bbd47fc00a2c39e90264f33305004495a9","hash":"f725f12dc936324b2f643737af7bae27d0cf97b0"}
,"/Users/denisseleiva/Desktop/MojoDojoCasaHouse-Backend/src/routes/base.routes.js": {"path":"/Users/denisseleiva/Desktop/MojoDojoCasaHouse-Backend/src/routes/base.routes.js","statementMap":{"0":{"start":{"line":1,"column":16},"end":{"line":1,"column":34}},"1":{"start":{"line":2,"column":11},"end":{"line":2,"column":37}},"2":{"start":{"line":3,"column":35},"end":{"line":3,"column":105}},"3":{"start":{"line":4,"column":14},"end":{"line":4,"column":30}},"4":{"start":{"line":5,"column":22},"end":{"line":5,"column":89}},"5":{"start":{"line":7,"column":15},"end":{"line":7,"column":31}},"6":{"start":{"line":9,"column":0},"end":{"line":11,"column":3}},"7":{"start":{"line":10,"column":2},"end":{"line":10,"column":43}},"8":{"start":{"line":13,"column":0},"end":{"line":27,"column":3}},"9":{"start":{"line":14,"column":0},"end":{"line":26,"column":1}},"10":{"start":{"line":15,"column":19},"end":{"line":18,"column":6}},"11":{"start":{"line":20,"column":23},"end":{"line":20,"column":55}},"12":{"start":{"line":20,"column":43},"end":{"line":20,"column":54}},"13":{"start":{"line":22,"column":4},"end":{"line":22,"column":25}},"14":{"start":{"line":24,"column":4},"end":{"line":24,"column":66}},"15":{"start":{"line":25,"column":4},"end":{"line":25,"column":66}},"16":{"start":{"line":30,"column":2},"end":{"line":40,"column":4}},"17":{"start":{"line":31,"column":16},"end":{"line":35,"column":6}},"18":{"start":{"line":36,"column":4},"end":{"line":39,"column":6}},"19":{"start":{"line":37,"column":6},"end":{"line":37,"column":49}},"20":{"start":{"line":38,"column":6},"end":{"line":38,"column":23}},"21":{"start":{"line":44,"column":31},"end":{"line":44,"column":79}},"22":{"start":{"line":45,"column":23},"end":{"line":45,"column":25}},"23":{"start":{"line":47,"column":2},"end":{"line":56,"column":6}},"24":{"start":{"line":48,"column":17},"end":{"line":48,"column":45}},"25":{"start":{"line":49,"column":4},"end":{"line":51,"column":7}},"26":{"start":{"line":50,"column":6},"end":{"line":50,"column":40}},"27":{"start":{"line":53,"column":4},"end":{"line":55,"column":5}},"28":{"start":{"line":54,"column":6},"end":{"line":54,"column":45}},"29":{"start":{"line":57,"column":2},"end":{"line":57,"column":41}},"30":{"start":{"line":60,"column":0},"end":{"line":62,"column":2}},"31":{"start":{"line":61,"column":2},"end":{"line":61,"column":27}},"32":{"start":{"line":64,"column":0},"end":{"line":68,"column":3}},"33":{"start":{"line":66,"column":18},"end":{"line":66,"column":43}},"34":{"start":{"line":67,"column":2},"end":{"line":67,"column":20}},"35":{"start":{"line":70,"column":0},"end":{"line":74,"column":3}},"36":{"start":{"line":72,"column":16},"end":{"line":72,"column":39}},"37":{"start":{"line":73,"column":2},"end":{"line":73,"column":18}},"38":{"start":{"line":76,"column":0},"end":{"line":113,"column":2}},"39":{"start":{"line":77,"column":21},"end":{"line":77,"column":35}},"40":{"start":{"line":78,"column":21},"end":{"line":78,"column":44}},"41":{"start":{"line":79,"column":2},"end":{"line":79,"column":34}},"42":{"start":{"line":80,"column":2},"end":{"line":80,"column":28}},"43":{"start":{"line":83,"column":25},"end":{"line":83,"column":53}},"44":{"start":{"line":84,"column":16},"end":{"line":84,"column":70}},"45":{"start":{"line":85,"column":16},"end":{"line":85,"column":71}},"46":{"start":{"line":86,"column":2},"end":{"line":86,"column":60}},"47":{"start":{"line":88,"column":21},"end":{"line":88,"column":67}},"48":{"start":{"line":89,"column":28},"end":{"line":95,"column":6}},"49":{"start":{"line":97,"column":23},"end":{"line":97,"column":91}},"50":{"start":{"line":98,"column":35},"end":{"line":98,"column":37}},"51":{"start":{"line":99,"column":4},"end":{"line":99,"column":79}},"52":{"start":{"line":99,"column":38},"end":{"line":99,"column":77}},"53":{"start":{"line":100,"column":23},"end":{"line":100,"column":25}},"54":{"start":{"line":101,"column":27},"end":{"line":101,"column":36}},"55":{"start":{"line":103,"column":4},"end":{"line":110,"column":6}},"56":{"start":{"line":105,"column":8},"end":{"line":108,"column":9}},"57":{"start":{"line":106,"column":10},"end":{"line":106,"column":39}},"58":{"start":{"line":107,"column":10},"end":{"line":107,"column":45}},"59":{"start":{"line":112,"column":4},"end":{"line":112,"column":38}},"60":{"start":{"line":115,"column":0},"end":{"line":155,"column":2}},"61":{"start":{"line":116,"column":20},"end":{"line":116,"column":38}},"62":{"start":{"line":117,"column":22},"end":{"line":117,"column":42}},"63":{"start":{"line":119,"column":38},"end":{"line":124,"column":4}},"64":{"start":{"line":126,"column":24},"end":{"line":126,"column":26}},"65":{"start":{"line":128,"column":26},"end":{"line":128,"column":62}},"66":{"start":{"line":130,"column":2},"end":{"line":136,"column":3}},"67":{"start":{"line":132,"column":6},"end":{"line":134,"column":7}},"68":{"start":{"line":133,"column":8},"end":{"line":133,"column":34}},"69":{"start":{"line":138,"column":2},"end":{"line":154,"column":3}},"70":{"start":{"line":139,"column":31},"end":{"line":143,"column":6}},"71":{"start":{"line":145,"column":28},"end":{"line":145,"column":30}},"72":{"start":{"line":146,"column":4},"end":{"line":146,"column":55}},"73":{"start":{"line":147,"column":4},"end":{"line":147,"column":48}},"74":{"start":{"line":149,"column":4},"end":{"line":149,"column":31}},"75":{"start":{"line":152,"column":4},"end":{"line":152,"column":79}},"76":{"start":{"line":153,"column":4},"end":{"line":153,"column":66}},"77":{"start":{"line":157,"column":0},"end":{"line":157,"column":24}}},"fnMap":{"0":{"name":"(anonymous_0)","decl":{"start":{"line":9,"column":16},"end":{"line":9,"column":17}},"loc":{"start":{"line":9,"column":30},"end":{"line":11,"column":1}},"line":9},"1":{"name":"(anonymous_1)","decl":{"start":{"line":13,"column":22},"end":{"line":13,"column":23}},"loc":{"start":{"line":13,"column":42},"end":{"line":27,"column":1}},"line":13},"2":{"name":"(anonymous_2)","decl":{"start":{"line":20,"column":34},"end":{"line":20,"column":35}},"loc":{"start":{"line":20,"column":43},"end":{"line":20,"column":54}},"line":20},"3":{"name":"changeMovieNames","decl":{"start":{"line":29,"column":15},"end":{"line":29,"column":31}},"loc":{"start":{"line":29,"column":47},"end":{"line":41,"column":1}},"line":29},"4":{"name":"(anonymous_4)","decl":{"start":{"line":30,"column":38},"end":{"line":30,"column":39}},"loc":{"start":{"line":30,"column":63},"end":{"line":40,"column":3}},"line":30},"5":{"name":"(anonymous_5)","decl":{"start":{"line":36,"column":18},"end":{"line":36,"column":19}},"loc":{"start":{"line":36,"column":34},"end":{"line":39,"column":5}},"line":36},"6":{"name":"getTitlesToChange","decl":{"start":{"line":43,"column":15},"end":{"line":43,"column":32}},"loc":{"start":{"line":43,"column":34},"end":{"line":58,"column":1}},"line":43},"7":{"name":"(anonymous_7)","decl":{"start":{"line":47,"column":35},"end":{"line":47,"column":36}},"loc":{"start":{"line":47,"column":52},"end":{"line":56,"column":3}},"line":47},"8":{"name":"(anonymous_8)","decl":{"start":{"line":49,"column":16},"end":{"line":49,"column":17}},"loc":{"start":{"line":49,"column":40},"end":{"line":51,"column":5}},"line":49},"9":{"name":"(anonymous_9)","decl":{"start":{"line":60,"column":28},"end":{"line":60,"column":29}},"loc":{"start":{"line":60,"column":48},"end":{"line":62,"column":1}},"line":60},"10":{"name":"(anonymous_10)","decl":{"start":{"line":64,"column":23},"end":{"line":64,"column":24}},"loc":{"start":{"line":64,"column":43},"end":{"line":68,"column":1}},"line":64},"11":{"name":"(anonymous_11)","decl":{"start":{"line":70,"column":21},"end":{"line":70,"column":22}},"loc":{"start":{"line":70,"column":41},"end":{"line":74,"column":1}},"line":70},"12":{"name":"(anonymous_12)","decl":{"start":{"line":76,"column":23},"end":{"line":76,"column":24}},"loc":{"start":{"line":76,"column":43},"end":{"line":113,"column":1}},"line":76},"13":{"name":"(anonymous_13)","decl":{"start":{"line":99,"column":25},"end":{"line":99,"column":26}},"loc":{"start":{"line":99,"column":38},"end":{"line":99,"column":77}},"line":99},"14":{"name":"(anonymous_14)","decl":{"start":{"line":104,"column":6},"end":{"line":104,"column":7}},"loc":{"start":{"line":104,"column":16},"end":{"line":109,"column":7}},"line":104},"15":{"name":"(anonymous_15)","decl":{"start":{"line":115,"column":26},"end":{"line":115,"column":27}},"loc":{"start":{"line":115,"column":45},"end":{"line":155,"column":1}},"line":115},"16":{"name":"(anonymous_16)","decl":{"start":{"line":131,"column":4},"end":{"line":131,"column":5}},"loc":{"start":{"line":131,"column":14},"end":{"line":135,"column":5}},"line":131}},"branchMap":{"0":{"loc":{"start":{"line":53,"column":4},"end":{"line":55,"column":5}},"type":"if","locations":[{"start":{"line":53,"column":4},"end":{"line":55,"column":5}},{"start":{},"end":{}}],"line":53},"1":{"loc":{"start":{"line":53,"column":8},"end":{"line":53,"column":87}},"type":"binary-expr","locations":[{"start":{"line":53,"column":8},"end":{"line":53,"column":29}},{"start":{"line":53,"column":33},"end":{"line":53,"column":87}}],"line":53},"2":{"loc":{"start":{"line":105,"column":8},"end":{"line":108,"column":9}},"type":"if","locations":[{"start":{"line":105,"column":8},"end":{"line":108,"column":9}},{"start":{},"end":{}}],"line":105},"3":{"loc":{"start":{"line":105,"column":12},"end":{"line":105,"column":98}},"type":"binary-expr","locations":[{"start":{"line":105,"column":12},"end":{"line":105,"column":59}},{"start":{"line":105,"column":63},"end":{"line":105,"column":98}}],"line":105},"4":{"loc":{"start":{"line":132,"column":6},"end":{"line":134,"column":7}},"type":"if","locations":[{"start":{"line":132,"column":6},"end":{"line":134,"column":7}},{"start":{},"end":{}}],"line":132}},"s":{"0":1,"1":1,"2":1,"3":1,"4":1,"5":1,"6":1,"7":1,"8":1,"9":2,"10":2,"11":2,"12":62,"13":2,"14":0,"15":0,"16":0,"17":0,"18":0,"19":0,"20":0,"21":0,"22":0,"23":0,"24":0,"25":0,"26":0,"27":0,"28":0,"29":0,"30":1,"31":0,"32":1,"33":0,"34":0,"35":1,"36":0,"37":0,"38":1,"39":3,"40":3,"41":3,"42":3,"43":3,"44":3,"45":3,"46":3,"47":3,"48":3,"49":3,"50":3,"51":3,"52":8,"53":3,"54":3,"55":3,"56":2,"57":0,"58":0,"59":3,"60":1,"61":1,"62":1,"63":1,"64":1,"65":1,"66":1,"67":6,"68":3,"69":1,"70":1,"71":1,"72":1,"73":1,"74":1,"75":0,"76":0,"77":1},"f":{"0":1,"1":2,"2":62,"3":0,"4":0,"5":0,"6":0,"7":0,"8":0,"9":0,"10":0,"11":0,"12":3,"13":8,"14":2,"15":1,"16":6},"b":{"0":[0,0],"1":[0,0],"2":[0,2],"3":[2,0],"4":[3,3]},"_coverageSchema":"1a1c01bbd47fc00a2c39e90264f33305004495a9","hash":"0072790a8257774267bf825f86382e8b561b58a0"}
,"/Users/denisseleiva/Desktop/MojoDojoCasaHouse-Backend/src/routes/index.js": {"path":"/Users/denisseleiva/Desktop/MojoDojoCasaHouse-Backend/src/routes/index.js","statementMap":{"0":{"start":{"line":1,"column":16},"end":{"line":1,"column":34}},"1":{"start":{"line":2,"column":15},"end":{"line":2,"column":31}},"2":{"start":{"line":4,"column":19},"end":{"line":4,"column":43}},"3":{"start":{"line":5,"column":18},"end":{"line":5,"column":47}},"4":{"start":{"line":7,"column":0},"end":{"line":7,"column":28}},"5":{"start":{"line":8,"column":0},"end":{"line":8,"column":30}},"6":{"start":{"line":10,"column":0},"end":{"line":10,"column":24}}},"fnMap":{},"branchMap":{},"s":{"0":1,"1":1,"2":1,"3":1,"4":1,"5":1,"6":1},"f":{},"b":{},"_coverageSchema":"1a1c01bbd47fc00a2c39e90264f33305004495a9","hash":"981c63c0fc2905b2a62752b74206392af779fc15"}
,"/Users/denisseleiva/Desktop/MojoDojoCasaHouse-Backend/src/stringSimilarityAlgorithm/changeMoviesTitlesModule.js": {"path":"/Users/denisseleiva/Desktop/MojoDojoCasaHouse-Backend/src/stringSimilarityAlgorithm/changeMoviesTitlesModule.js","statementMap":{"0":{"start":{"line":1,"column":23},"end":{"line":1,"column":51}},"1":{"start":{"line":4,"column":17},"end":{"line":4,"column":19}},"2":{"start":{"line":5,"column":2},"end":{"line":16,"column":3}},"3":{"start":{"line":6,"column":4},"end":{"line":15,"column":4}},"4":{"start":{"line":7,"column":15},"end":{"line":7,"column":17}},"5":{"start":{"line":8,"column":4},"end":{"line":8,"column":30}},"6":{"start":{"line":9,"column":4},"end":{"line":13,"column":5}},"7":{"start":{"line":10,"column":6},"end":{"line":10,"column":26}},"8":{"start":{"line":12,"column":6},"end":{"line":12,"column":75}},"9":{"start":{"line":14,"column":4},"end":{"line":14,"column":21}},"10":{"start":{"line":17,"column":2},"end":{"line":17,"column":15}},"11":{"start":{"line":20,"column":0},"end":{"line":20,"column":31}}},"fnMap":{"0":{"name":"getScores","decl":{"start":{"line":3,"column":9},"end":{"line":3,"column":18}},"loc":{"start":{"line":3,"column":37},"end":{"line":18,"column":1}},"line":3},"1":{"name":"(anonymous_1)","decl":{"start":{"line":6,"column":23},"end":{"line":6,"column":24}},"loc":{"start":{"line":6,"column":39},"end":{"line":15,"column":3}},"line":6}},"branchMap":{"0":{"loc":{"start":{"line":5,"column":2},"end":{"line":16,"column":3}},"type":"if","locations":[{"start":{"line":5,"column":2},"end":{"line":16,"column":3}},{"start":{},"end":{}}],"line":5},"1":{"loc":{"start":{"line":9,"column":4},"end":{"line":13,"column":5}},"type":"if","locations":[{"start":{"line":9,"column":4},"end":{"line":13,"column":5}},{"start":{"line":11,"column":11},"end":{"line":13,"column":5}}],"line":9},"2":{"loc":{"start":{"line":9,"column":8},"end":{"line":9,"column":57}},"type":"binary-expr","locations":[{"start":{"line":9,"column":8},"end":{"line":9,"column":34}},{"start":{"line":9,"column":38},"end":{"line":9,"column":57}}],"line":9}},"s":{"0":1,"1":2,"2":2,"3":2,"4":8,"5":8,"6":8,"7":1,"8":7,"9":8,"10":2,"11":1},"f":{"0":2,"1":8},"b":{"0":[2,0],"1":[1,7],"2":[8,3]},"_coverageSchema":"1a1c01bbd47fc00a2c39e90264f33305004495a9","hash":"77387a14caf90b20b744db07ba1fca89dbfbc640"}
}
