TN:
SF:src/app.js
FNF:0
FNH:0
DA:1,1
DA:2,1
DA:3,1
DA:4,1
DA:5,1
DA:7,1
DA:8,1
DA:10,1
DA:15,1
DA:16,1
DA:19,1
LF:11
LH:11
BRF:0
BRH:0
end_of_record
TN:
SF:src/config/db.js
FN:24,(anonymous_0)
FNF:1
FNH:1
FNDA:2,(anonymous_0)
DA:1,1
DA:2,1
DA:3,1
DA:5,1
DA:7,1
DA:9,1
DA:17,1
DA:20,1
DA:21,1
DA:24,1
DA:25,2
DA:26,2
DA:31,1
DA:32,1
DA:34,1
LF:15
LH:15
BRDA:7,0,0,1
BRDA:7,0,1,0
BRDA:25,1,0,2
BRDA:25,1,1,0
BRF:4
BRH:2
end_of_record
TN:
SF:src/distanceCalculationsModule/distanceCalculationsModule.js
FN:2,(anonymous_0)
FN:4,(anonymous_1)
FN:19,(anonymous_2)
FN:34,(anonymous_3)
FNF:4
FNH:4
FNDA:7,(anonymous_0)
FNDA:7,(anonymous_1)
FNDA:57,(anonymous_2)
FNDA:6,(anonymous_3)
DA:5,7
DA:9,7
DA:10,7
DA:11,7
DA:12,2
DA:14,7
DA:18,7
DA:19,7
DA:20,57
DA:21,57
DA:25,57
DA:26,13
DA:29,7
DA:33,2
DA:34,2
DA:35,6
DA:36,6
DA:40,6
DA:41,2
DA:44,2
DA:48,63
DA:49,63
DA:50,63
DA:51,63
DA:52,63
DA:53,63
DA:54,63
DA:55,63
DA:56,63
DA:59,63
DA:61,63
DA:62,63
DA:63,63
DA:67,252
DA:71,2
LF:35
LH:35
BRDA:11,0,0,2
BRDA:11,0,1,5
BRDA:25,1,0,13
BRDA:25,1,1,44
BRDA:40,2,0,2
BRDA:40,2,1,4
BRF:6
BRH:6
end_of_record
TN:
SF:src/models/cinema.js
FN:5,(anonymous_0)
FN:12,(anonymous_1)
FNF:2
FNH:2
FNDA:1,(anonymous_0)
FNDA:1,(anonymous_1)
DA:4,1
DA:5,1
DA:13,1
DA:19,1
DA:28,1
LF:5
LH:5
BRF:0
BRH:0
end_of_record
TN:
SF:src/models/show.js
FN:5,(anonymous_0)
FN:12,(anonymous_1)
FNF:2
FNH:2
FNDA:1,(anonymous_0)
FNDA:1,(anonymous_1)
DA:4,1
DA:5,1
DA:13,1
DA:19,1
DA:30,1
LF:5
LH:5
BRF:0
BRH:0
end_of_record
TN:
SF:src/routes/apiRoutes.routes.js
FN:8,(anonymous_0)
FN:14,(anonymous_1)
FN:23,(anonymous_2)
FN:32,(anonymous_3)
FN:34,(anonymous_4)
FN:38,(anonymous_5)
FN:39,(anonymous_6)
FN:42,(anonymous_7)
FN:68,(anonymous_8)
FN:73,(anonymous_9)
FNF:10
FNH:0
FNDA:0,(anonymous_0)
FNDA:0,(anonymous_1)
FNDA:0,(anonymous_2)
FNDA:0,(anonymous_3)
FNDA:0,(anonymous_4)
FNDA:0,(anonymous_5)
FNDA:0,(anonymous_6)
FNDA:0,(anonymous_7)
FNDA:0,(anonymous_8)
FNDA:0,(anonymous_9)
DA:1,1
DA:2,1
DA:3,1
DA:4,1
DA:6,1
DA:8,1
DA:9,0
DA:10,0
DA:14,0
DA:16,0
DA:18,0
DA:19,0
DA:23,1
DA:24,0
DA:26,0
DA:30,0
DA:33,0
DA:35,0
DA:38,0
DA:39,0
DA:40,0
DA:41,0
DA:42,0
DA:43,0
DA:44,0
DA:45,0
DA:47,0
DA:48,0
DA:56,0
DA:58,0
DA:62,0
DA:63,0
DA:68,1
DA:69,0
DA:70,0
DA:73,0
DA:74,0
DA:85,0
DA:87,0
DA:88,0
DA:92,1
LF:41
LH:9
BRDA:41,0,0,0
BRDA:41,0,1,0
BRDA:41,1,0,0
BRDA:41,1,1,0
BRDA:43,2,0,0
BRDA:43,2,1,0
BRF:6
BRH:0
end_of_record
TN:
SF:src/routes/base.routes.js
FN:9,(anonymous_0)
FN:13,(anonymous_1)
FN:20,(anonymous_2)
FN:29,changeMovieNames
FN:30,(anonymous_4)
FN:36,(anonymous_5)
FN:43,getTitlesToChange
FN:47,(anonymous_7)
FN:49,(anonymous_8)
FN:60,(anonymous_9)
FN:64,(anonymous_10)
FN:70,(anonymous_11)
FN:76,(anonymous_12)
FN:99,(anonymous_13)
FN:104,(anonymous_14)
FN:115,(anonymous_15)
FN:131,(anonymous_16)
FNF:17
FNH:8
FNDA:1,(anonymous_0)
FNDA:2,(anonymous_1)
FNDA:62,(anonymous_2)
FNDA:0,changeMovieNames
FNDA:0,(anonymous_4)
FNDA:0,(anonymous_5)
FNDA:0,getTitlesToChange
FNDA:0,(anonymous_7)
FNDA:0,(anonymous_8)
FNDA:0,(anonymous_9)
FNDA:0,(anonymous_10)
FNDA:0,(anonymous_11)
FNDA:3,(anonymous_12)
FNDA:8,(anonymous_13)
FNDA:2,(anonymous_14)
FNDA:1,(anonymous_15)
FNDA:6,(anonymous_16)
DA:1,1
DA:2,1
DA:3,1
DA:4,1
DA:5,1
DA:7,1
DA:9,1
DA:10,1
DA:13,1
DA:14,2
DA:15,2
DA:20,62
DA:22,2
DA:24,0
DA:25,0
DA:30,0
DA:31,0
DA:36,0
DA:37,0
DA:38,0
DA:44,0
DA:45,0
DA:47,0
DA:48,0
DA:49,0
DA:50,0
DA:53,0
DA:54,0
DA:57,0
DA:60,1
DA:61,0
DA:64,1
DA:66,0
DA:67,0
DA:70,1
DA:72,0
DA:73,0
DA:76,1
DA:77,3
DA:78,3
DA:79,3
DA:80,3
DA:83,3
DA:84,3
DA:85,3
DA:86,3
DA:88,3
DA:89,3
DA:97,3
DA:98,3
DA:99,8
DA:100,3
DA:101,3
DA:103,3
DA:105,2
DA:106,0
DA:107,0
DA:112,3
DA:115,1
DA:116,1
DA:117,1
DA:119,1
DA:126,1
DA:128,1
DA:130,1
DA:132,6
DA:133,3
DA:138,1
DA:139,1
DA:145,1
DA:146,1
DA:147,1
DA:149,1
DA:152,0
DA:153,0
DA:157,1
LF:76
LH:51
BRDA:53,0,0,0
BRDA:53,0,1,0
BRDA:53,1,0,0
BRDA:53,1,1,0
BRDA:105,2,0,0
BRDA:105,2,1,2
BRDA:105,3,0,2
BRDA:105,3,1,0
BRDA:132,4,0,3
BRDA:132,4,1,3
BRF:10
BRH:4
end_of_record
TN:
SF:src/routes/index.js
FNF:0
FNH:0
DA:1,1
DA:2,1
DA:4,1
DA:5,1
DA:7,1
DA:8,1
DA:10,1
LF:7
LH:7
BRF:0
BRH:0
end_of_record
TN:
SF:src/stringSimilarityAlgorithm/changeMoviesTitlesModule.js
FN:3,getScores
FN:6,(anonymous_1)
FNF:2
FNH:2
FNDA:2,getScores
FNDA:8,(anonymous_1)
DA:1,1
DA:4,2
DA:5,2
DA:6,2
DA:7,8
DA:8,8
DA:9,8
DA:10,1
DA:12,7
DA:14,8
DA:17,2
DA:20,1
LF:12
LH:12
BRDA:5,0,0,2
BRDA:5,0,1,0
BRDA:9,1,0,1
BRDA:9,1,1,7
BRDA:9,2,0,8
BRDA:9,2,1,3
BRF:6
BRH:5
end_of_record
